# JRE version: OpenJDK Runtime Environment Temurin-17.0.2+8 (17.0.2+8) (build 17.0.2+8)
# Java VM: OpenJDK 64-Bit Server VM Temurin-17.0.2+8 (17.0.2+8, mixed mode, tiered, compressed oops, compressed class ptrs, parallel gc, windows-amd64)
GC Precious Log:
 CPUs: 12 total, 12 available
 Memory: 8029M
 Large Page Support: Disabled
 NUMA Support: Disabled
 Compressed Oops: Enabled (32-bit)
 Alignments: Space 512K, Generation 512K, Heap 2M
 Heap Min Capacity: 100M
 Heap Initial Capacity: 100M
 Heap Max Capacity: 1G
 Pre-touch: Disabled
 Parallel Workers: 10
Heap:
 PSYoungGen      total 2048K, used 512K [0x00000000eab00000, 0x00000000eba00000, 0x0000000100000000)
  eden space 1536K, 0% used [0x00000000eab00000,0x00000000eab00000,0x00000000eac80000)
  from space 512K, 100% used [0x00000000eb200000,0x00000000eb280000,0x00000000eb280000)
  to   space 5632K, 0% used [0x00000000eac80000,0x00000000eac80000,0x00000000eb200000)
 ParOldGen       total 104448K, used 100467K [0x00000000c0000000, 0x00000000c6600000, 0x00000000eab00000)
  object space 104448K, 96% used [0x00000000c0000000,0x00000000c621cea8,0x00000000c6600000)
 Metaspace       used 64247K, committed 65152K, reserved 1114112K
  class space    used 6622K, committed 6976K, reserved 1048576K
GC Heap History (20 events):
Event: 11744.559 GC heap after
{Heap after GC invocations=315 (full 14):
 PSYoungGen      total 6144K, used 672K [0x00000000eab00000, 0x00000000eb280000, 0x0000000100000000)
  eden space 5120K, 0% used [0x00000000eab00000,0x00000000eab00000,0x00000000eb000000)
  from space 1024K, 65% used [0x00000000eb100000,0x00000000eb1a8000,0x00000000eb200000)
  to   space 512K, 0% used [0x00000000eb200000,0x00000000eb200000,0x00000000eb280000)
 ParOldGen       total 104448K, used 82349K [0x00000000c0000000, 0x00000000c6600000, 0x00000000eab00000)
  object space 104448K, 78% used [0x00000000c0000000,0x00000000c506b4e8,0x00000000c6600000)
 Metaspace       used 64159K, committed 65024K, reserved 1114112K
  class space    used 6621K, committed 6976K, reserved 1048576K
}
Event: 11745.103 GC heap before
{Heap before GC invocations=316 (full 14):
 PSYoungGen      total 6144K, used 5792K [0x00000000eab00000, 0x00000000eb280000, 0x0000000100000000)
  eden space 5120K, 100% used [0x00000000eab00000,0x00000000eb000000,0x00000000eb000000)
  from space 1024K, 65% used [0x00000000eb100000,0x00000000eb1a8000,0x00000000eb200000)
  to   space 512K, 0% used [0x00000000eb200000,0x00000000eb200000,0x00000000eb280000)
 ParOldGen       total 104448K, used 82349K [0x00000000c0000000, 0x00000000c6600000, 0x00000000eab00000)
  object space 104448K, 78% used [0x00000000c0000000,0x00000000c506b4e8,0x00000000c6600000)
 Metaspace       used 64165K, committed 65024K, reserved 1114112K
  class space    used 6621K, committed 6976K, reserved 1048576K
}
Event: 11745.104 GC heap after
{Heap after GC invocations=316 (full 14):
 PSYoungGen      total 4608K, used 512K [0x00000000eab00000, 0x00000000eb600000, 0x0000000100000000)
  eden space 4096K, 0% used [0x00000000eab00000,0x00000000eab00000,0x00000000eaf00000)
  from space 512K, 100% used [0x00000000eb200000,0x00000000eb280000,0x00000000eb280000)
  to   space 3072K, 0% used [0x00000000eaf00000,0x00000000eaf00000,0x00000000eb200000)
 ParOldGen       total 104448K, used 84255K [0x00000000c0000000, 0x00000000c6600000, 0x00000000eab00000)
  object space 104448K, 80% used [0x00000000c0000000,0x00000000c5247e28,0x00000000c6600000)
 Metaspace       used 64165K, committed 65024K, reserved 1114112K
  class space    used 6621K, committed 6976K, reserved 1048576K
}
Event: 11745.112 GC heap before
{Heap before GC invocations=317 (full 14):
 PSYoungGen      total 4608K, used 4608K [0x00000000eab00000, 0x00000000eb600000, 0x0000000100000000)
  eden space 4096K, 100% used [0x00000000eab00000,0x00000000eaf00000,0x00000000eaf00000)
  from space 512K, 100% used [0x00000000eb200000,0x00000000eb280000,0x00000000eb280000)
  to   space 3072K, 0% used [0x00000000eaf00000,0x00000000eaf00000,0x00000000eb200000)
 ParOldGen       total 104448K, used 84255K [0x00000000c0000000, 0x00000000c6600000, 0x00000000eab00000)
  object space 104448K, 80% used [0x00000000c0000000,0x00000000c5247e28,0x00000000c6600000)
 Metaspace       used 64165K, committed 65024K, reserved 1114112K
  class space    used 6621K, committed 6976K, reserved 1048576K
}
Event: 11745.115 GC heap after
{Heap after GC invocations=317 (full 14):
 PSYoungGen      total 7168K, used 3072K [0x00000000eab00000, 0x00000000eb900000, 0x0000000100000000)
  eden space 4096K, 0% used [0x00000000eab00000,0x00000000eab00000,0x00000000eaf00000)
  from space 3072K, 100% used [0x00000000eaf00000,0x00000000eb200000,0x00000000eb200000)
  to   space 5120K, 0% used [0x00000000eb400000,0x00000000eb400000,0x00000000eb900000)
 ParOldGen       total 104448K, used 85788K [0x00000000c0000000, 0x00000000c6600000, 0x00000000eab00000)
  object space 104448K, 82% used [0x00000000c0000000,0x00000000c53c72c8,0x00000000c6600000)
 Metaspace       used 64165K, committed 65024K, reserved 1114112K
  class space    used 6621K, committed 6976K, reserved 1048576K
}
Event: 11745.143 GC heap before
{Heap before GC invocations=318 (full 14):
 PSYoungGen      total 7168K, used 7168K [0x00000000eab00000, 0x00000000eb900000, 0x0000000100000000)
  eden space 4096K, 100% used [0x00000000eab00000,0x00000000eaf00000,0x00000000eaf00000)
  from space 3072K, 100% used [0x00000000eaf00000,0x00000000eb200000,0x00000000eb200000)
  to   space 5120K, 0% used [0x00000000eb400000,0x00000000eb400000,0x00000000eb900000)
 ParOldGen       total 104448K, used 85788K [0x00000000c0000000, 0x00000000c6600000, 0x00000000eab00000)
  object space 104448K, 82% used [0x00000000c0000000,0x00000000c53c72c8,0x00000000c6600000)
 Metaspace       used 64165K, committed 65024K, reserved 1114112K
  class space    used 6621K, committed 6976K, reserved 1048576K
}
Event: 11745.146 GC heap after
{Heap after GC invocations=318 (full 14):
 PSYoungGen      total 7680K, used 3576K [0x00000000eab00000, 0x00000000eb780000, 0x0000000100000000)
  eden space 4096K, 0% used [0x00000000eab00000,0x00000000eab00000,0x00000000eaf00000)
  from space 3584K, 99% used [0x00000000eb400000,0x00000000eb77e3c0,0x00000000eb780000)
  to   space 4096K, 0% used [0x00000000eaf80000,0x00000000eaf80000,0x00000000eb380000)
 ParOldGen       total 104448K, used 88924K [0x00000000c0000000, 0x00000000c6600000, 0x00000000eab00000)
  object space 104448K, 85% used [0x00000000c0000000,0x00000000c56d72c8,0x00000000c6600000)
 Metaspace       used 64165K, committed 65024K, reserved 1114112K
  class space    used 6621K, committed 6976K, reserved 1048576K
}
Event: 11745.273 GC heap before
{Heap before GC invocations=319 (full 14):
 PSYoungGen      total 7680K, used 7672K [0x00000000eab00000, 0x00000000eb780000, 0x0000000100000000)
  eden space 4096K, 100% used [0x00000000eab00000,0x00000000eaf00000,0x00000000eaf00000)
  from space 3584K, 99% used [0x00000000eb400000,0x00000000eb77e3c0,0x00000000eb780000)
  to   space 4096K, 0% used [0x00000000eaf80000,0x00000000eaf80000,0x00000000eb380000)
 ParOldGen       total 104448K, used 88924K [0x00000000c0000000, 0x00000000c6600000, 0x00000000eab00000)
  object space 104448K, 85% used [0x00000000c0000000,0x00000000c56d72c8,0x00000000c6600000)
 Metaspace       used 64168K, committed 65024K, reserved 1114112K
  class space    used 6621K, committed 6976K, reserved 1048576K
}
Event: 11745.277 GC heap after
{Heap after GC invocations=319 (full 14):
 PSYoungGen      total 7168K, used 3056K [0x00000000eab00000, 0x00000000eb600000, 0x0000000100000000)
  eden space 4096K, 0% used [0x00000000eab00000,0x00000000eab00000,0x00000000eaf00000)
  from space 3072K, 99% used [0x00000000eaf80000,0x00000000eb27c000,0x00000000eb280000)
  to   space 3584K, 0% used [0x00000000eb280000,0x00000000eb280000,0x00000000eb600000)
 ParOldGen       total 104448K, used 92381K [0x00000000c0000000, 0x00000000c6600000, 0x00000000eab00000)
  object space 104448K, 88% used [0x00000000c0000000,0x00000000c5a37688,0x00000000c6600000)
 Metaspace       used 64168K, committed 65024K, reserved 1114112K
  class space    used 6621K, committed 6976K, reserved 1048576K
}
Event: 11745.750 GC heap before
{Heap before GC invocations=320 (full 14):
 PSYoungGen      total 7168K, used 7136K [0x00000000eab00000, 0x00000000eb600000, 0x0000000100000000)
  eden space 4096K, 99% used [0x00000000eab00000,0x00000000eaefc268,0x00000000eaf00000)
  from space 3072K, 99% used [0x00000000eaf80000,0x00000000eb27c000,0x00000000eb280000)
  to   space 3584K, 0% used [0x00000000eb280000,0x00000000eb280000,0x00000000eb600000)
 ParOldGen       total 104448K, used 92381K [0x00000000c0000000, 0x00000000c6600000, 0x00000000eab00000)
  object space 104448K, 88% used [0x00000000c0000000,0x00000000c5a37688,0x00000000c6600000)
 Metaspace       used 64190K, committed 65088K, reserved 1114112K
  class space    used 6621K, committed 6976K, reserved 1048576K
}
Event: 11745.752 GC heap after
{Heap after GC invocations=320 (full 14):
 PSYoungGen      total 5120K, used 544K [0x00000000eab00000, 0x00000000eb380000, 0x0000000100000000)
  eden space 4096K, 0% used [0x00000000eab00000,0x00000000eab00000,0x00000000eaf00000)
  from space 1024K, 53% used [0x00000000eb280000,0x00000000eb308000,0x00000000eb380000)
  to   space 1536K, 0% used [0x00000000eb080000,0x00000000eb080000,0x00000000eb200000)
 ParOldGen       total 104448K, used 95285K [0x00000000c0000000, 0x00000000c6600000, 0x00000000eab00000)
  object space 104448K, 91% used [0x00000000c0000000,0x00000000c5d0d688,0x00000000c6600000)
 Metaspace       used 64190K, committed 65088K, reserved 1114112K
  class space    used 6621K, committed 6976K, reserved 1048576K
}
Event: 11746.632 GC heap before
{Heap before GC invocations=321 (full 14):
 PSYoungGen      total 5120K, used 4639K [0x00000000eab00000, 0x00000000eb380000, 0x0000000100000000)
  eden space 4096K, 99% used [0x00000000eab00000,0x00000000eaeffff0,0x00000000eaf00000)
  from space 1024K, 53% used [0x00000000eb280000,0x00000000eb308000,0x00000000eb380000)
  to   space 1536K, 0% used [0x00000000eb080000,0x00000000eb080000,0x00000000eb200000)
 ParOldGen       total 104448K, used 95285K [0x00000000c0000000, 0x00000000c6600000, 0x00000000eab00000)
  object space 104448K, 91% used [0x00000000c0000000,0x00000000c5d0d688,0x00000000c6600000)
 Metaspace       used 64232K, committed 65088K, reserved 1114112K
  class space    used 6622K, committed 6976K, reserved 1048576K
}
Event: 11746.633 GC heap after
{Heap after GC invocations=321 (full 14):
 PSYoungGen      total 5632K, used 480K [0x00000000eab00000, 0x00000000eb300000, 0x0000000100000000)
  eden space 4096K, 0% used [0x00000000eab00000,0x00000000eab00000,0x00000000eaf00000)
  from space 1536K, 31% used [0x00000000eb080000,0x00000000eb0f8000,0x00000000eb200000)
  to   space 1024K, 0% used [0x00000000eb200000,0x00000000eb200000,0x00000000eb300000)
 ParOldGen       total 104448K, used 95341K [0x00000000c0000000, 0x00000000c6600000, 0x00000000eab00000)
  object space 104448K, 91% used [0x00000000c0000000,0x00000000c5d1b688,0x00000000c6600000)
 Metaspace       used 64232K, committed 65088K, reserved 1114112K
  class space    used 6622K, committed 6976K, reserved 1048576K
}
Event: 11747.084 GC heap before
{Heap before GC invocations=322 (full 14):
 PSYoungGen      total 5632K, used 4576K [0x00000000eab00000, 0x00000000eb300000, 0x0000000100000000)
  eden space 4096K, 100% used [0x00000000eab00000,0x00000000eaf00000,0x00000000eaf00000)
  from space 1536K, 31% used [0x00000000eb080000,0x00000000eb0f8000,0x00000000eb200000)
  to   space 1024K, 0% used [0x00000000eb200000,0x00000000eb200000,0x00000000eb300000)
 ParOldGen       total 104448K, used 95341K [0x00000000c0000000, 0x00000000c6600000, 0x00000000eab00000)
  object space 104448K, 91% used [0x00000000c0000000,0x00000000c5d1b688,0x00000000c6600000)
 Metaspace       used 64235K, committed 65088K, reserved 1114112K
  class space    used 6622K, committed 6976K, reserved 1048576K
}
Event: 11747.085 GC heap after
{Heap after GC invocations=322 (full 14):
 PSYoungGen      total 5120K, used 720K [0x00000000eab00000, 0x00000000eb300000, 0x0000000100000000)
  eden space 4096K, 0% used [0x00000000eab00000,0x00000000eab00000,0x00000000eaf00000)
  from space 1024K, 70% used [0x00000000eb200000,0x00000000eb2b4010,0x00000000eb300000)
  to   space 1024K, 0% used [0x00000000eb100000,0x00000000eb100000,0x00000000eb200000)
 ParOldGen       total 104448K, used 95636K [0x00000000c0000000, 0x00000000c6600000, 0x00000000eab00000)
  object space 104448K, 91% used [0x00000000c0000000,0x00000000c5d650c8,0x00000000c6600000)
 Metaspace       used 64235K, committed 65088K, reserved 1114112K
  class space    used 6622K, committed 6976K, reserved 1048576K
}
Event: 11747.662 GC heap before
{Heap before GC invocations=323 (full 14):
 PSYoungGen      total 5120K, used 4816K [0x00000000eab00000, 0x00000000eb300000, 0x0000000100000000)
  eden space 4096K, 100% used [0x00000000eab00000,0x00000000eaf00000,0x00000000eaf00000)
  from space 1024K, 70% used [0x00000000eb200000,0x00000000eb2b4010,0x00000000eb300000)
  to   space 1024K, 0% used [0x00000000eb100000,0x00000000eb100000,0x00000000eb200000)
 ParOldGen       total 104448K, used 95636K [0x00000000c0000000, 0x00000000c6600000, 0x00000000eab00000)
  object space 104448K, 91% used [0x00000000c0000000,0x00000000c5d650c8,0x00000000c6600000)
 Metaspace       used 64247K, committed 65152K, reserved 1114112K
  class space    used 6622K, committed 6976K, reserved 1048576K
}
Event: 11747.664 GC heap after
{Heap after GC invocations=323 (full 14):
 PSYoungGen      total 5120K, used 1001K [0x00000000eab00000, 0x00000000eb280000, 0x0000000100000000)
  eden space 4096K, 0% used [0x00000000eab00000,0x00000000eab00000,0x00000000eaf00000)
  from space 1024K, 97% used [0x00000000eb100000,0x00000000eb1fa4a0,0x00000000eb200000)
  to   space 512K, 0% used [0x00000000eb200000,0x00000000eb200000,0x00000000eb280000)
 ParOldGen       total 104448K, used 96013K [0x00000000c0000000, 0x00000000c6600000, 0x00000000eab00000)
  object space 104448K, 91% used [0x00000000c0000000,0x00000000c5dc3568,0x00000000c6600000)
 Metaspace       used 64247K, committed 65152K, reserved 1114112K
  class space    used 6622K, committed 6976K, reserved 1048576K
}
Event: 11747.671 GC heap before
{Heap before GC invocations=324 (full 14):
 PSYoungGen      total 5120K, used 5097K [0x00000000eab00000, 0x00000000eb280000, 0x0000000100000000)
  eden space 4096K, 100% used [0x00000000eab00000,0x00000000eaf00000,0x00000000eaf00000)
  from space 1024K, 97% used [0x00000000eb100000,0x00000000eb1fa4a0,0x00000000eb200000)
  to   space 512K, 0% used [0x00000000eb200000,0x00000000eb200000,0x00000000eb280000)
 ParOldGen       total 104448K, used 96013K [0x00000000c0000000, 0x00000000c6600000, 0x00000000eab00000)
  object space 104448K, 91% used [0x00000000c0000000,0x00000000c5dc3568,0x00000000c6600000)
 Metaspace       used 64247K, committed 65152K, reserved 1114112K
  class space    used 6622K, committed 6976K, reserved 1048576K
}
Event: 11747.674 GC heap after
{Heap after GC invocations=324 (full 14):
 PSYoungGen      total 2048K, used 512K [0x00000000eab00000, 0x00000000eba00000, 0x0000000100000000)
  eden space 1536K, 0% used [0x00000000eab00000,0x00000000eab00000,0x00000000eac80000)
  from space 512K, 100% used [0x00000000eb200000,0x00000000eb280000,0x00000000eb280000)
  to   space 5632K, 0% used [0x00000000eac80000,0x00000000eac80000,0x00000000eb200000)
 ParOldGen       total 104448K, used 100467K [0x00000000c0000000, 0x00000000c6600000, 0x00000000eab00000)
  object space 104448K, 96% used [0x00000000c0000000,0x00000000c621cea8,0x00000000c6600000)
 Metaspace       used 64247K, committed 65152K, reserved 1114112K
  class space    used 6622K, committed 6976K, reserved 1048576K
}
Event: 11747.674 GC heap before
{Heap before GC invocations=325 (full 15):
 PSYoungGen      total 2048K, used 512K [0x00000000eab00000, 0x00000000eba00000, 0x0000000100000000)
  eden space 1536K, 0% used [0x00000000eab00000,0x00000000eab00000,0x00000000eac80000)
  from space 512K, 100% used [0x00000000eb200000,0x00000000eb280000,0x00000000eb280000)
  to   space 5632K, 0% used [0x00000000eac80000,0x00000000eac80000,0x00000000eb200000)
 ParOldGen       total 104448K, used 100467K [0x00000000c0000000, 0x00000000c6600000, 0x00000000eab00000)
  object space 104448K, 96% used [0x00000000c0000000,0x00000000c621cea8,0x00000000c6600000)
 Metaspace       used 64247K, committed 65152K, reserved 1114112K
  class space    used 6622K, committed 6976K, reserved 1048576K
}

